<?xml version="1.0" encoding="UTF-8"?>
<testng-results skipped="0" failed="1" total="1" passed="0">
  <reporter-output>
  </reporter-output>
  <suite name="Default suite" duration-ms="3467" started-at="2021-04-19T06:42:13Z" finished-at="2021-04-19T06:42:16Z">
    <groups>
    </groups>
    <test name="Default test" duration-ms="3467" started-at="2021-04-19T06:42:13Z" finished-at="2021-04-19T06:42:16Z">
      <class name="Sample.ExcelReadingusingFillo">
        <test-method status="FAIL" signature="f()[pri:0, instance:Sample.ExcelReadingusingFillo@546a03af]" name="f" duration-ms="3437" started-at="2021-04-19T12:12:13Z" finished-at="2021-04-19T12:12:16Z">
          <exception class="org.openqa.selenium.SessionNotCreatedException">
            <message>
              <![CDATA[session not created: This version of ChromeDriver only supports Chrome version 87
Current browser version is 90.0.4430.72 with binary path C:\Users\manikandanrj\AppData\Local\Google\Chrome\Application\chrome.exe
Build info: version: '3.14.0', revision: 'aacccce0', time: '2018-08-02T20:13:22.693Z'
System info: host: 'MDB20LT319', ip: '192.168.1.8', os.name: 'Windows 10', os.arch: 'amd64', os.version: '10.0', java.version: '1.8.0_201'
Driver info: driver.version: ChromeDriver
remote stacktrace: Backtrace:
	Ordinal0 [0x00F2C0C3+3326147]
	Ordinal0 [0x00E10851+2164817]
	Ordinal0 [0x00C97298+619160]
	Ordinal0 [0x00C11D92+73106]
	Ordinal0 [0x00C0E119+57625]
	Ordinal0 [0x00C0C38A+50058]
	Ordinal0 [0x00C35F3E+220990]
	Ordinal0 [0x00C35CAC+220332]
	Ordinal0 [0x00C3189B+202907]
	Ordinal0 [0x00C13DF4+81396]
	Ordinal0 [0x00C14DEE+85486]
	Ordinal0 [0x00C14D79+85369]
	Ordinal0 [0x00E285DC+2262492]
	GetHandleVerifier [0x010B2874+1487204]
	GetHandleVerifier [0x010B23CD+1486013]
	GetHandleVerifier [0x010BA368+1518680]
	GetHandleVerifier [0x010B2F4E+1488958]
	Ordinal0 [0x00E1ED0D+2223373]
	Ordinal0 [0x00E2A12B+2269483]
	Ordinal0 [0x00E2A26F+2269807]
	Ordinal0 [0x00E3ECB8+2354360]
	BaseThreadInitThunk [0x76798744+36]
	RtlGetAppContainerNamedObjectPath [0x778B58ED+253]
	RtlGetAppContainerNamedObjectPath [0x778B58BD+205]
]]>
            </message>
            <full-stacktrace>
              <![CDATA[org.openqa.selenium.SessionNotCreatedException: session not created: This version of ChromeDriver only supports Chrome version 87
Current browser version is 90.0.4430.72 with binary path C:\Users\manikandanrj\AppData\Local\Google\Chrome\Application\chrome.exe
Build info: version: '3.14.0', revision: 'aacccce0', time: '2018-08-02T20:13:22.693Z'
System info: host: 'MDB20LT319', ip: '192.168.1.8', os.name: 'Windows 10', os.arch: 'amd64', os.version: '10.0', java.version: '1.8.0_201'
Driver info: driver.version: ChromeDriver
remote stacktrace: Backtrace:
	Ordinal0 [0x00F2C0C3+3326147]
	Ordinal0 [0x00E10851+2164817]
	Ordinal0 [0x00C97298+619160]
	Ordinal0 [0x00C11D92+73106]
	Ordinal0 [0x00C0E119+57625]
	Ordinal0 [0x00C0C38A+50058]
	Ordinal0 [0x00C35F3E+220990]
	Ordinal0 [0x00C35CAC+220332]
	Ordinal0 [0x00C3189B+202907]
	Ordinal0 [0x00C13DF4+81396]
	Ordinal0 [0x00C14DEE+85486]
	Ordinal0 [0x00C14D79+85369]
	Ordinal0 [0x00E285DC+2262492]
	GetHandleVerifier [0x010B2874+1487204]
	GetHandleVerifier [0x010B23CD+1486013]
	GetHandleVerifier [0x010BA368+1518680]
	GetHandleVerifier [0x010B2F4E+1488958]
	Ordinal0 [0x00E1ED0D+2223373]
	Ordinal0 [0x00E2A12B+2269483]
	Ordinal0 [0x00E2A26F+2269807]
	Ordinal0 [0x00E3ECB8+2354360]
	BaseThreadInitThunk [0x76798744+36]
	RtlGetAppContainerNamedObjectPath [0x778B58ED+253]
	RtlGetAppContainerNamedObjectPath [0x778B58BD+205]

	at sun.reflect.NativeConstructorAccessorImpl.newInstance0(Native Method)
	at sun.reflect.NativeConstructorAccessorImpl.newInstance(Unknown Source)
	at sun.reflect.DelegatingConstructorAccessorImpl.newInstance(Unknown Source)
	at java.lang.reflect.Constructor.newInstance(Unknown Source)
	at org.openqa.selenium.remote.W3CHandshakeResponse.lambda$new$0(W3CHandshakeResponse.java:57)
	at org.openqa.selenium.remote.W3CHandshakeResponse.lambda$getResponseFunction$2(W3CHandshakeResponse.java:104)
	at org.openqa.selenium.remote.ProtocolHandshake.lambda$createSession$0(ProtocolHandshake.java:122)
	at java.util.stream.ReferencePipeline$3$1.accept(Unknown Source)
	at java.util.Spliterators$ArraySpliterator.tryAdvance(Unknown Source)
	at java.util.stream.ReferencePipeline.forEachWithCancel(Unknown Source)
	at java.util.stream.AbstractPipeline.copyIntoWithCancel(Unknown Source)
	at java.util.stream.AbstractPipeline.copyInto(Unknown Source)
	at java.util.stream.AbstractPipeline.wrapAndCopyInto(Unknown Source)
	at java.util.stream.FindOps$FindOp.evaluateSequential(Unknown Source)
	at java.util.stream.AbstractPipeline.evaluate(Unknown Source)
	at java.util.stream.ReferencePipeline.findFirst(Unknown Source)
	at org.openqa.selenium.remote.ProtocolHandshake.createSession(ProtocolHandshake.java:125)
	at org.openqa.selenium.remote.ProtocolHandshake.createSession(ProtocolHandshake.java:73)
	at org.openqa.selenium.remote.HttpCommandExecutor.execute(HttpCommandExecutor.java:136)
	at org.openqa.selenium.remote.service.DriverCommandExecutor.execute(DriverCommandExecutor.java:83)
	at org.openqa.selenium.remote.RemoteWebDriver.execute(RemoteWebDriver.java:548)
	at org.openqa.selenium.remote.RemoteWebDriver.startSession(RemoteWebDriver.java:212)
	at org.openqa.selenium.remote.RemoteWebDriver.<init>(RemoteWebDriver.java:130)
	at org.openqa.selenium.chrome.ChromeDriver.<init>(ChromeDriver.java:181)
	at org.openqa.selenium.chrome.ChromeDriver.<init>(ChromeDriver.java:168)
	at org.openqa.selenium.chrome.ChromeDriver.<init>(ChromeDriver.java:123)
	at Sample.ExcelReadingusingFillo.f(ExcelReadingusingFillo.java:17)
	at sun.reflect.NativeMethodAccessorImpl.invoke0(Native Method)
	at sun.reflect.NativeMethodAccessorImpl.invoke(Unknown Source)
	at sun.reflect.DelegatingMethodAccessorImpl.invoke(Unknown Source)
	at java.lang.reflect.Method.invoke(Unknown Source)
	at org.testng.internal.MethodInvocationHelper.invokeMethod(MethodInvocationHelper.java:86)
	at org.testng.internal.Invoker.invokeMethod(Invoker.java:646)
	at org.testng.internal.Invoker.invokeTestMethod(Invoker.java:823)
	at org.testng.internal.Invoker.invokeTestMethods(Invoker.java:1131)
	at org.testng.internal.TestMethodWorker.invokeTestMethods(TestMethodWorker.java:129)
	at org.testng.internal.TestMethodWorker.run(TestMethodWorker.java:112)
	at org.testng.TestRunner.privateRun(TestRunner.java:778)
	at org.testng.TestRunner.run(TestRunner.java:632)
	at org.testng.SuiteRunner.runTest(SuiteRunner.java:366)
	at org.testng.SuiteRunner.runSequentially(SuiteRunner.java:361)
	at org.testng.SuiteRunner.privateRun(SuiteRunner.java:319)
	at org.testng.SuiteRunner.run(SuiteRunner.java:268)
	at org.testng.SuiteRunnerWorker.runSuite(SuiteRunnerWorker.java:52)
	at org.testng.SuiteRunnerWorker.run(SuiteRunnerWorker.java:86)
	at org.testng.TestNG.runSuitesSequentially(TestNG.java:1225)
	at org.testng.TestNG.runSuitesLocally(TestNG.java:1150)
	at org.testng.TestNG.runSuites(TestNG.java:1075)
	at org.testng.TestNG.run(TestNG.java:1047)
	at org.testng.remote.AbstractRemoteTestNG.run(AbstractRemoteTestNG.java:126)
	at org.testng.remote.RemoteTestNG.initAndRun(RemoteTestNG.java:137)
	at org.testng.remote.RemoteTestNG.main(RemoteTestNG.java:58)
]]>
            </full-stacktrace>
          </exception> <!-- org.openqa.selenium.SessionNotCreatedException -->
          <reporter-output>
          </reporter-output>
        </test-method> <!-- f -->
      </class> <!-- Sample.ExcelReadingusingFillo -->
    </test> <!-- Default test -->
  </suite> <!-- Default suite -->
</testng-results>
